<component name="libraryTable">
  <library name="junit-jupiter-api-5.9.1">
    <CLASSES>
      <root url="jar://$PROJECT_DIR$/../unit-tests-lesson02/unit-tests-lesson02/libs/junit-jupiter-api-5.9.1.jar!/" />
    </CLASSES>
    <JAVADOC />
    <SOURCES />
  </library>
</component>